2025-03-04 15:44:32,442 [Worker-7: Loading available Gradle versions] INFO  o.e.b.c.i.u.g.PublishedGradleVersions - Gradle version information cache is not available. Remote download required.
2025-03-04 15:44:59,175 [Worker-12: Building] INFO  o.e.m.c.i.l.LifecycleMappingFactory - Using org.eclipse.m2e.jdt.JarLifecycleMapping lifecycle mapping for MavenProject: com.apigateway:api-gateway:0.0.1-SNAPSHOT @ D:\WiproTrainingPhase2\Day5\MicroservicesWith Api gateway\springboot with cloud microservices\api-gateway\pom.xml.
2025-03-04 15:44:59,175 [Worker-6: Updating Maven Dependencies] INFO  o.e.m.c.i.l.LifecycleMappingFactory - Using org.eclipse.m2e.jdt.JarLifecycleMapping lifecycle mapping for MavenProject: com.apigateway:api-gateway:0.0.1-SNAPSHOT @ D:\WiproTrainingPhase2\Day5\MicroservicesWith Api gateway\springboot with cloud microservices\api-gateway\pom.xml.
2025-03-04 15:45:03,084 [Worker-12: Building] INFO  o.a.m.s.f.DefaultMavenResourcesFiltering - Copying 1 resource from src\main\resources to target\classes
2025-03-04 15:45:03,108 [Worker-12: Building] INFO  o.a.m.s.f.DefaultMavenResourcesFiltering - Copying 0 resource from src\main\resources to target\classes
2025-03-04 15:45:03,114 [Worker-12: Building] INFO  o.a.m.s.f.DefaultMavenResourcesFiltering - skip non existing resourceDirectory D:\WiproTrainingPhase2\Day5\MicroservicesWith Api gateway\springboot with cloud microservices\api-gateway\src\test\resources
2025-03-04 15:45:05,456 [Worker-15: Building] INFO  o.a.m.s.f.DefaultMavenResourcesFiltering - Copying 1 resource from src\main\resources to target\classes
2025-03-04 15:45:05,459 [Worker-15: Building] INFO  o.a.m.s.f.DefaultMavenResourcesFiltering - Copying 0 resource from src\main\resources to target\classes
2025-03-04 15:45:05,466 [Worker-15: Building] INFO  o.a.m.s.f.DefaultMavenResourcesFiltering - skip non existing resourceDirectory D:\WiproTrainingPhase2\Day5\MicroservicesWith Api gateway\springboot with cloud microservices\api-gateway\src\test\resources
2025-03-04 15:45:06,179 [Worker-15: Building] INFO  o.e.m.c.i.l.LifecycleMappingFactory - Using org.eclipse.m2e.jdt.JarLifecycleMapping lifecycle mapping for MavenProject: com.configserver:config-server:0.0.1-SNAPSHOT @ D:\WiproTrainingPhase2\Day5\MicroservicesWith Api gateway\springboot with cloud microservices\config-server\pom.xml.
2025-03-04 15:45:08,176 [Worker-15: Building] INFO  o.a.m.s.f.DefaultMavenResourcesFiltering - Copying 1 resource from src\main\resources to target\classes
2025-03-04 15:45:08,193 [Worker-15: Building] INFO  o.a.m.s.f.DefaultMavenResourcesFiltering - Copying 3 resources from src\main\resources to target\classes
2025-03-04 15:45:08,199 [Worker-15: Building] INFO  o.a.m.s.f.DefaultMavenResourcesFiltering - skip non existing resourceDirectory D:\WiproTrainingPhase2\Day5\MicroservicesWith Api gateway\springboot with cloud microservices\config-server\src\test\resources
2025-03-04 15:45:08,654 [Worker-8: Building] INFO  o.a.m.s.f.DefaultMavenResourcesFiltering - Copying 1 resource from src\main\resources to target\classes
2025-03-04 15:45:08,656 [Worker-8: Building] INFO  o.a.m.s.f.DefaultMavenResourcesFiltering - Copying 3 resources from src\main\resources to target\classes
2025-03-04 15:45:08,660 [Worker-11: Updating Maven Dependencies] INFO  o.e.m.c.i.l.LifecycleMappingFactory - Using org.eclipse.m2e.jdt.JarLifecycleMapping lifecycle mapping for MavenProject: com.apigateway:api-gateway:0.0.1-SNAPSHOT @ D:\WiproTrainingPhase2\Day5\MicroservicesWith Api gateway\springboot with cloud microservices\api-gateway\pom.xml.
2025-03-04 15:45:08,690 [Worker-8: Building] INFO  o.a.m.s.f.DefaultMavenResourcesFiltering - skip non existing resourceDirectory D:\WiproTrainingPhase2\Day5\MicroservicesWith Api gateway\springboot with cloud microservices\config-server\src\test\resources
2025-03-04 15:45:09,672 [Worker-8: Building] INFO  o.e.m.c.i.l.LifecycleMappingFactory - Using org.eclipse.m2e.jdt.JarLifecycleMapping lifecycle mapping for MavenProject: com.departmentservice:department-service:0.0.1-SNAPSHOT @ D:\WiproTrainingPhase2\Day5\MicroservicesWith Api gateway\springboot with cloud microservices\department-service\pom.xml.
2025-03-04 15:45:11,403 [Worker-8: Building] INFO  o.a.m.s.f.DefaultMavenResourcesFiltering - Copying 1 resource from src\main\resources to target\classes
2025-03-04 15:45:11,445 [Worker-8: Building] INFO  o.a.m.s.f.DefaultMavenResourcesFiltering - Copying 0 resource from src\main\resources to target\classes
2025-03-04 15:45:11,451 [Worker-8: Building] INFO  o.a.m.s.f.DefaultMavenResourcesFiltering - skip non existing resourceDirectory D:\WiproTrainingPhase2\Day5\MicroservicesWith Api gateway\springboot with cloud microservices\department-service\src\test\resources
2025-03-04 15:45:12,024 [Worker-18: Building] INFO  o.a.m.s.f.DefaultMavenResourcesFiltering - Copying 1 resource from src\main\resources to target\classes
2025-03-04 15:45:12,026 [Worker-18: Building] INFO  o.a.m.s.f.DefaultMavenResourcesFiltering - Copying 0 resource from src\main\resources to target\classes
2025-03-04 15:45:12,031 [Worker-18: Building] INFO  o.a.m.s.f.DefaultMavenResourcesFiltering - skip non existing resourceDirectory D:\WiproTrainingPhase2\Day5\MicroservicesWith Api gateway\springboot with cloud microservices\department-service\src\test\resources
2025-03-04 15:45:12,673 [Worker-18: Building] INFO  o.e.m.c.i.l.LifecycleMappingFactory - Using org.eclipse.m2e.jdt.JarLifecycleMapping lifecycle mapping for MavenProject: com.serviceregistry:service-registry:0.0.1-SNAPSHOT @ D:\WiproTrainingPhase2\Day5\MicroservicesWith Api gateway\springboot with cloud microservices\service-registry\pom.xml.
2025-03-04 15:45:14,153 [Worker-18: Building] INFO  o.a.m.s.f.DefaultMavenResourcesFiltering - Copying 1 resource from src\main\resources to target\classes
2025-03-04 15:45:14,175 [Worker-18: Building] INFO  o.a.m.s.f.DefaultMavenResourcesFiltering - Copying 0 resource from src\main\resources to target\classes
2025-03-04 15:45:14,184 [Worker-18: Building] INFO  o.a.m.s.f.DefaultMavenResourcesFiltering - skip non existing resourceDirectory D:\WiproTrainingPhase2\Day5\MicroservicesWith Api gateway\springboot with cloud microservices\service-registry\src\test\resources
2025-03-04 15:45:14,736 [Worker-18: Building] INFO  o.a.m.s.f.DefaultMavenResourcesFiltering - Copying 1 resource from src\main\resources to target\classes
2025-03-04 15:45:14,738 [Worker-18: Building] INFO  o.a.m.s.f.DefaultMavenResourcesFiltering - Copying 0 resource from src\main\resources to target\classes
2025-03-04 15:45:14,742 [Worker-18: Building] INFO  o.a.m.s.f.DefaultMavenResourcesFiltering - skip non existing resourceDirectory D:\WiproTrainingPhase2\Day5\MicroservicesWith Api gateway\springboot with cloud microservices\service-registry\src\test\resources
2025-03-04 15:45:15,509 [Worker-18: Building] INFO  o.e.m.c.i.l.LifecycleMappingFactory - Using org.eclipse.m2e.jdt.JarLifecycleMapping lifecycle mapping for MavenProject: com.userservice:user-service:0.0.1-SNAPSHOT @ D:\WiproTrainingPhase2\Day5\MicroservicesWith Api gateway\springboot with cloud microservices\user-service\pom.xml.
2025-03-04 15:45:18,542 [Worker-18: Building] INFO  o.a.m.s.f.DefaultMavenResourcesFiltering - Copying 1 resource from src\main\resources to target\classes
2025-03-04 15:45:18,563 [Worker-18: Building] INFO  o.a.m.s.f.DefaultMavenResourcesFiltering - Copying 0 resource from src\main\resources to target\classes
2025-03-04 15:45:18,569 [Worker-18: Building] INFO  o.a.m.s.f.DefaultMavenResourcesFiltering - skip non existing resourceDirectory D:\WiproTrainingPhase2\Day5\MicroservicesWith Api gateway\springboot with cloud microservices\user-service\src\test\resources
2025-03-04 15:45:19,672 [Worker-4: Updating Maven Dependencies] INFO  o.e.m.c.i.l.LifecycleMappingFactory - Using org.eclipse.m2e.jdt.JarLifecycleMapping lifecycle mapping for MavenProject: com.apigateway:api-gateway:0.0.1-SNAPSHOT @ D:\WiproTrainingPhase2\Day5\MicroservicesWith Api gateway\springboot with cloud microservices\api-gateway\pom.xml.
2025-03-04 15:45:20,092 [Worker-17: Building] INFO  o.a.m.s.f.DefaultMavenResourcesFiltering - Copying 1 resource from src\main\resources to target\classes
2025-03-04 15:45:20,095 [Worker-17: Building] INFO  o.a.m.s.f.DefaultMavenResourcesFiltering - Copying 0 resource from src\main\resources to target\classes
2025-03-04 15:45:20,099 [Worker-17: Building] INFO  o.a.m.s.f.DefaultMavenResourcesFiltering - skip non existing resourceDirectory D:\WiproTrainingPhase2\Day5\MicroservicesWith Api gateway\springboot with cloud microservices\user-service\src\test\resources
